{"numFailedTestSuites":0,"numFailedTests":0,"numPassedTestSuites":1,"numPassedTests":31,"numPendingTestSuites":0,"numPendingTests":0,"numRuntimeErrorTestSuites":0,"numTodoTests":0,"numTotalTestSuites":1,"numTotalTests":31,"openHandles":[],"snapshot":{"added":0,"didUpdate":false,"failure":false,"filesAdded":0,"filesRemoved":0,"filesRemovedList":[],"filesUnmatched":0,"filesUpdated":0,"matched":0,"total":0,"unchecked":0,"uncheckedKeysByFile":[],"unmatched":0,"updated":0},"startTime":1783194023994,"success":true,"testResults":[{"assertionResults":[{"ancestorTitles":["Authentication API","POST /api/auth/register"],"duration":611,"failing":false,"failureDetails":[],"failureMessages":[],"fullName":"Authentication API POST /api/auth/register should register a new user and request verification code","invocations":1,"location":null,"numPassingAsserts":5,"retryReasons":[],"startAt":1783194026787,"status":"passed","title":"should register a new user and request verification code"},{"ancestorTitles":["Authentication API","POST /api/auth/register"],"duration":550,"failing":false,"failureDetails":[],"failureMessages":[],"fullName":"Authentication API POST /api/auth/register should replace an existing pending registration when re-registering before verification","invocations":1,"location":null,"numPassingAsserts":5,"retryReasons":[],"startAt":1783194027400,"status":"passed","title":"should replace an existing pending registration when re-registering before verification"},{"ancestorTitles":["Authentication API","POST /api/auth/register"],"duration":11,"failing":false,"failureDetails":[],"failureMessages":[],"fullName":"Authentication API POST /api/auth/register should reject invalid password","invocations":1,"location":null,"numPassingAsserts":3,"retryReasons":[],"startAt":1783194027950,"status":"passed","title":"should reject invalid password"},{"ancestorTitles":["Authentication API","POST /api/auth/verify-email"],"duration":299,"failing":false,"failureDetails":[],"failureMessages":[],"fullName":"Authentication API POST /api/auth/verify-email should verify a user's email with a valid code","invocations":1,"location":null,"numPassingAsserts":4,"retryReasons":[],"startAt":1783194027961,"status":"passed","title":"should verify a user's email with a valid code"},{"ancestorTitles":["Authentication API","POST /api/auth/verify-email"],"duration":264,"failing":false,"failureDetails":[],"failureMessages":[],"fullName":"Authentication API POST /api/auth/verify-email should reject invalid verification code","invocations":1,"location":null,"numPassingAsserts":2,"retryReasons":[],"startAt":1783194028260,"status":"passed","title":"should reject invalid verification code"},{"ancestorTitles":["Authentication API","POST /api/auth/resend-verification-code"],"duration":279,"failing":false,"failureDetails":[],"failureMessages":[],"fullName":"Authentication API POST /api/auth/resend-verification-code should resend a verification code","invocations":1,"location":null,"numPassingAsserts":3,"retryReasons":[],"startAt":1783194028524,"status":"passed","title":"should resend a verification code"},{"ancestorTitles":["Authentication API","POST /api/auth/resend-verification-code"],"duration":10,"failing":false,"failureDetails":[],"failureMessages":[],"fullName":"Authentication API POST /api/auth/resend-verification-code should return generic response for unknown email","invocations":1,"location":null,"numPassingAsserts":2,"retryReasons":[],"startAt":1783194028804,"status":"passed","title":"should return generic response for unknown email"},{"ancestorTitles":["Authentication API","POST /api/auth/login"],"duration":497,"failing":false,"failureDetails":[],"failureMessages":[],"fullName":"Authentication API POST /api/auth/login should login a verified user and return tokens","invocations":1,"location":null,"numPassingAsserts":5,"retryReasons":[],"startAt":1783194028814,"status":"passed","title":"should login a verified user and return tokens"},{"ancestorTitles":["Authentication API","POST /api/auth/login"],"duration":294,"failing":false,"failureDetails":[],"failureMessages":[],"fullName":"Authentication API POST /api/auth/login should reject unverified users","invocations":1,"location":null,"numPassingAsserts":2,"retryReasons":[],"startAt":1783194029311,"status":"passed","title":"should reject unverified users"},{"ancestorTitles":["Authentication API","POST /api/auth/login"],"duration":497,"failing":false,"failureDetails":[],"failureMessages":[],"fullName":"Authentication API POST /api/auth/login should reject incorrect password","invocations":1,"location":null,"numPassingAsserts":2,"retryReasons":[],"startAt":1783194029605,"status":"passed","title":"should reject incorrect password"},{"ancestorTitles":["Authentication API","POST /api/auth/login"],"duration":254,"failing":false,"failureDetails":[],"failureMessages":[],"fullName":"Authentication API POST /api/auth/login should reject madu users on user login","invocations":1,"location":null,"numPassingAsserts":2,"retryReasons":[],"startAt":1783194030102,"status":"passed","title":"should reject madu users on user login"},{"ancestorTitles":["Authentication API","POST /api/auth/madu-login"],"duration":488,"failing":false,"failureDetails":[],"failureMessages":[],"fullName":"Authentication API POST /api/auth/madu-login should login a madu user","invocations":1,"location":null,"numPassingAsserts":3,"retryReasons":[],"startAt":1783194030357,"status":"passed","title":"should login a madu user"},{"ancestorTitles":["Authentication API","POST /api/auth/madu-login"],"duration":495,"failing":false,"failureDetails":[],"failureMessages":[],"fullName":"Authentication API POST /api/auth/madu-login should allow admin login","invocations":1,"location":null,"numPassingAsserts":2,"retryReasons":[],"startAt":1783194030845,"status":"passed","title":"should allow admin login"},{"ancestorTitles":["Authentication API","POST /api/auth/madu-login"],"duration":250,"failing":false,"failureDetails":[],"failureMessages":[],"fullName":"Authentication API POST /api/auth/madu-login should reject regular users","invocations":1,"location":null,"numPassingAsserts":2,"retryReasons":[],"startAt":1783194031340,"status":"passed","title":"should reject regular users"},{"ancestorTitles":["Authentication API","GET /api/auth/me"],"duration":504,"failing":false,"failureDetails":[],"failureMessages":[],"fullName":"Authentication API GET /api/auth/me should return current user","invocations":1,"location":null,"numPassingAsserts":3,"retryReasons":[],"startAt":1783194031590,"status":"passed","title":"should return current user"},{"ancestorTitles":["Authentication API","GET /api/auth/me"],"duration":11,"failing":false,"failureDetails":[],"failureMessages":[],"fullName":"Authentication API GET /api/auth/me should reject missing token","invocations":1,"location":null,"numPassingAsserts":2,"retryReasons":[],"startAt":1783194032094,"status":"passed","title":"should reject missing token"},{"ancestorTitles":["Authentication API","POST /api/auth/refresh-token"],"duration":627,"failing":false,"failureDetails":[],"failureMessages":[],"fullName":"Authentication API POST /api/auth/refresh-token should rotate refresh token and return new tokens","invocations":1,"location":null,"numPassingAsserts":6,"retryReasons":[],"startAt":1783194032105,"status":"passed","title":"should rotate refresh token and return new tokens"},{"ancestorTitles":["Authentication API","POST /api/auth/refresh-token"],"duration":17,"failing":false,"failureDetails":[],"failureMessages":[],"fullName":"Authentication API POST /api/auth/refresh-token should reject invalid refresh token","invocations":1,"location":null,"numPassingAsserts":2,"retryReasons":[],"startAt":1783194032732,"status":"passed","title":"should reject invalid refresh token"},{"ancestorTitles":["Authentication API","PUT /api/auth/change-password"],"duration":1706,"failing":false,"failureDetails":[],"failureMessages":[],"fullName":"Authentication API PUT /api/auth/change-password should change password","invocations":1,"location":null,"numPassingAsserts":4,"retryReasons":[],"startAt":1783194032749,"status":"passed","title":"should change password"},{"ancestorTitles":["Authentication API","POST /api/auth/forgot-password"],"duration":255,"failing":false,"failureDetails":[],"failureMessages":[],"fullName":"Authentication API POST /api/auth/forgot-password should send a password reset code","invocations":1,"location":null,"numPassingAsserts":3,"retryReasons":[],"startAt":1783194034455,"status":"passed","title":"should send a password reset code"},{"ancestorTitles":["Authentication API","POST /api/auth/forgot-password"],"duration":15,"failing":false,"failureDetails":[],"failureMessages":[],"fullName":"Authentication API POST /api/auth/forgot-password should return generic response for unknown email","invocations":1,"location":null,"numPassingAsserts":2,"retryReasons":[],"startAt":1783194034710,"status":"passed","title":"should return generic response for unknown email"},{"ancestorTitles":["Authentication API","POST /api/auth/verify-reset-code"],"duration":302,"failing":false,"failureDetails":[],"failureMessages":[],"fullName":"Authentication API POST /api/auth/verify-reset-code should verify a valid reset code","invocations":1,"location":null,"numPassingAsserts":2,"retryReasons":[],"startAt":1783194034725,"status":"passed","title":"should verify a valid reset code"},{"ancestorTitles":["Authentication API","POST /api/auth/verify-reset-code"],"duration":247,"failing":false,"failureDetails":[],"failureMessages":[],"fullName":"Authentication API POST /api/auth/verify-reset-code should reject invalid reset code","invocations":1,"location":null,"numPassingAsserts":2,"retryReasons":[],"startAt":1783194035027,"status":"passed","title":"should reject invalid reset code"},{"ancestorTitles":["Authentication API","POST /api/auth/reset-password"],"duration":997,"failing":false,"failureDetails":[],"failureMessages":[],"fullName":"Authentication API POST /api/auth/reset-password should reset password with a valid code","invocations":1,"location":null,"numPassingAsserts":3,"retryReasons":[],"startAt":1783194035274,"status":"passed","title":"should reset password with a valid code"},{"ancestorTitles":["Authentication API","POST /api/auth/logout"],"duration":526,"failing":false,"failureDetails":[],"failureMessages":[],"fullName":"Authentication API POST /api/auth/logout should logout current device","invocations":1,"location":null,"numPassingAsserts":3,"retryReasons":[],"startAt":1783194036271,"status":"passed","title":"should logout current device"},{"ancestorTitles":["Authentication API","POST /api/auth/logout-all"],"duration":794,"failing":false,"failureDetails":[],"failureMessages":[],"fullName":"Authentication API POST /api/auth/logout-all should logout all devices","invocations":1,"location":null,"numPassingAsserts":4,"retryReasons":[],"startAt":1783194036797,"status":"passed","title":"should logout all devices"},{"ancestorTitles":["Authentication API","PUT /api/auth/profile"],"duration":498,"failing":false,"failureDetails":[],"failureMessages":[],"fullName":"Authentication API PUT /api/auth/profile should update profile","invocations":1,"location":null,"numPassingAsserts":3,"retryReasons":[],"startAt":1783194037591,"status":"passed","title":"should update profile"},{"ancestorTitles":["Madu Admin API"],"duration":579,"failing":false,"failureDetails":[],"failureMessages":[],"fullName":"Madu Admin API should fetch dashboard stats","invocations":1,"location":null,"numPassingAsserts":3,"retryReasons":[],"startAt":1783194038089,"status":"passed","title":"should fetch dashboard stats"},{"ancestorTitles":["Madu Admin API"],"duration":600,"failing":false,"failureDetails":[],"failureMessages":[],"fullName":"Madu Admin API should reject regular users","invocations":1,"location":null,"numPassingAsserts":2,"retryReasons":[],"startAt":1783194038668,"status":"passed","title":"should reject regular users"},{"ancestorTitles":["Madu Admin API"],"duration":759,"failing":false,"failureDetails":[],"failureMessages":[],"fullName":"Madu Admin API should update user role","invocations":1,"location":null,"numPassingAsserts":3,"retryReasons":[],"startAt":1783194039268,"status":"passed","title":"should update user role"},{"ancestorTitles":["Madu Admin API"],"duration":758,"failing":false,"failureDetails":[],"failureMessages":[],"fullName":"Madu Admin API should delete a user","invocations":1,"location":null,"numPassingAsserts":3,"retryReasons":[],"startAt":1783194040027,"status":"passed","title":"should delete a user"}],"endTime":1783194040791,"message":"","name":"C:\\Users\\Admin\\Desktop\\JAIWA Team\\backend\\tests\\auth.test.js","startTime":1783194024128,"status":"passed","summary":""}],"wasInterrupted":false}
